/*C3*/SET SCHEMA PUBLIC
CREATE TABLE users(id INTEGER GENERATED BY DEFAULT AS IDENTITY(START WITH 1) PRIMARY KEY,login VARCHAR(255),password VARCHAR(255),role VARCHAR(50))
CREATE TABLE places(id INTEGER GENERATED BY DEFAULT AS IDENTITY(START WITH 1) PRIMARY KEY,longitude DOUBLE,latitude DOUBLE,address VARCHAR(255))
CREATE TABLE checkins(id INTEGER GENERATED BY DEFAULT AS IDENTITY(START WITH 1) PRIMARY KEY,user_id INTEGER CONSTRAINT users_id_fk FOREIGN KEY REFERENCES users(id),place_id INTEGER CONSTRAINT places_id_fk FOREIGN KEY REFERENCES places(id),check_time TIMESTAMP DEFAULT CURRENT_TIMESTAMP,longitude DOUBLE,latitude DOUBLE,\u0009device VARCHAR(255))
DISCONNECT
/*C5*/SET SCHEMA PUBLIC
INSERT INTO USERS VALUES(1,'login','password',NULL)
COMMIT
DISCONNECT
/*C7*/SET SCHEMA PUBLIC
INSERT INTO PLACES VALUES(1,1.0E0,2.0E0,'address')
COMMIT
DISCONNECT
/*C9*/SET SCHEMA PUBLIC
INSERT INTO CHECKINS VALUES(1,1,1,'2013-01-30 03:31:54.317000',1.0E0,2.0E0,'Mobile')
COMMIT
DISCONNECT
/*C12*/SET SCHEMA PUBLIC
DELETE FROM CHECKINS WHERE ID=1
COMMIT
/*C14*/SET SCHEMA PUBLIC
ALTER TABLE checkins DROP CONSTRAINT users_id_fk
DROP TABLE users IF EXISTS
ALTER TABLE checkins DROP CONSTRAINT places_id_fk
DROP TABLE places IF EXISTS
DROP TABLE checkins IF EXISTS
DISCONNECT
/*C15*/SET SCHEMA PUBLIC
CREATE TABLE users(id INTEGER GENERATED BY DEFAULT AS IDENTITY(START WITH 1) PRIMARY KEY,login VARCHAR(255),password VARCHAR(255),role VARCHAR(50))
CREATE TABLE places(id INTEGER GENERATED BY DEFAULT AS IDENTITY(START WITH 1) PRIMARY KEY,longitude DOUBLE,latitude DOUBLE,address VARCHAR(255))
CREATE TABLE checkins(id INTEGER GENERATED BY DEFAULT AS IDENTITY(START WITH 1) PRIMARY KEY,user_id INTEGER CONSTRAINT users_id_fk FOREIGN KEY REFERENCES users(id),place_id INTEGER CONSTRAINT places_id_fk FOREIGN KEY REFERENCES places(id),check_time TIMESTAMP DEFAULT CURRENT_TIMESTAMP,longitude DOUBLE,latitude DOUBLE,\u0009device VARCHAR(255))
DISCONNECT
/*C17*/SET SCHEMA PUBLIC
INSERT INTO PLACES VALUES(1,1.0E0,2.0E0,'address')
COMMIT
DISCONNECT
/*C20*/SET SCHEMA PUBLIC
DELETE FROM PLACES WHERE ID=1
COMMIT
/*C22*/SET SCHEMA PUBLIC
ALTER TABLE checkins DROP CONSTRAINT users_id_fk
DROP TABLE users IF EXISTS
ALTER TABLE checkins DROP CONSTRAINT places_id_fk
DROP TABLE places IF EXISTS
DROP TABLE checkins IF EXISTS
DISCONNECT
/*C23*/SET SCHEMA PUBLIC
CREATE TABLE users(id INTEGER GENERATED BY DEFAULT AS IDENTITY(START WITH 1) PRIMARY KEY,login VARCHAR(255),password VARCHAR(255),role VARCHAR(50))
CREATE TABLE places(id INTEGER GENERATED BY DEFAULT AS IDENTITY(START WITH 1) PRIMARY KEY,longitude DOUBLE,latitude DOUBLE,address VARCHAR(255))
CREATE TABLE checkins(id INTEGER GENERATED BY DEFAULT AS IDENTITY(START WITH 1) PRIMARY KEY,user_id INTEGER CONSTRAINT users_id_fk FOREIGN KEY REFERENCES users(id),place_id INTEGER CONSTRAINT places_id_fk FOREIGN KEY REFERENCES places(id),check_time TIMESTAMP DEFAULT CURRENT_TIMESTAMP,longitude DOUBLE,latitude DOUBLE,\u0009device VARCHAR(255))
DISCONNECT
/*C25*/SET SCHEMA PUBLIC
INSERT INTO USERS VALUES(1,'login','password','User')
COMMIT
DISCONNECT
/*C28*/SET SCHEMA PUBLIC
ALTER TABLE checkins DROP CONSTRAINT users_id_fk
DROP TABLE users IF EXISTS
ALTER TABLE checkins DROP CONSTRAINT places_id_fk
DROP TABLE places IF EXISTS
DROP TABLE checkins IF EXISTS
DISCONNECT
/*C29*/SET SCHEMA PUBLIC
CREATE TABLE users(id INTEGER GENERATED BY DEFAULT AS IDENTITY(START WITH 1) PRIMARY KEY,login VARCHAR(255),password VARCHAR(255),role VARCHAR(50))
CREATE TABLE places(id INTEGER GENERATED BY DEFAULT AS IDENTITY(START WITH 1) PRIMARY KEY,longitude DOUBLE,latitude DOUBLE,address VARCHAR(255))
CREATE TABLE checkins(id INTEGER GENERATED BY DEFAULT AS IDENTITY(START WITH 1) PRIMARY KEY,user_id INTEGER CONSTRAINT users_id_fk FOREIGN KEY REFERENCES users(id),place_id INTEGER CONSTRAINT places_id_fk FOREIGN KEY REFERENCES places(id),check_time TIMESTAMP DEFAULT CURRENT_TIMESTAMP,longitude DOUBLE,latitude DOUBLE,\u0009device VARCHAR(255))
DISCONNECT
/*C32*/SET SCHEMA PUBLIC
ALTER TABLE checkins DROP CONSTRAINT users_id_fk
DROP TABLE users IF EXISTS
ALTER TABLE checkins DROP CONSTRAINT places_id_fk
DROP TABLE places IF EXISTS
DROP TABLE checkins IF EXISTS
DISCONNECT
/*C33*/SET SCHEMA PUBLIC
CREATE TABLE users(id INTEGER GENERATED BY DEFAULT AS IDENTITY(START WITH 1) PRIMARY KEY,login VARCHAR(255),password VARCHAR(255),role VARCHAR(50))
CREATE TABLE places(id INTEGER GENERATED BY DEFAULT AS IDENTITY(START WITH 1) PRIMARY KEY,longitude DOUBLE,latitude DOUBLE,address VARCHAR(255))
CREATE TABLE checkins(id INTEGER GENERATED BY DEFAULT AS IDENTITY(START WITH 1) PRIMARY KEY,user_id INTEGER CONSTRAINT users_id_fk FOREIGN KEY REFERENCES users(id),place_id INTEGER CONSTRAINT places_id_fk FOREIGN KEY REFERENCES places(id),check_time TIMESTAMP DEFAULT CURRENT_TIMESTAMP,longitude DOUBLE,latitude DOUBLE,\u0009device VARCHAR(255))
DISCONNECT
/*C35*/SET SCHEMA PUBLIC
INSERT INTO PLACES VALUES(1,1.0E0,2.0E0,'address')
COMMIT
DISCONNECT
/*C37*/SET SCHEMA PUBLIC
DELETE FROM PLACES WHERE ID=1
INSERT INTO PLACES VALUES(1,10.0E0,3.0E0,'updatedAddress')
COMMIT
DISCONNECT
/*C39*/SET SCHEMA PUBLIC
ALTER TABLE checkins DROP CONSTRAINT users_id_fk
DROP TABLE users IF EXISTS
ALTER TABLE checkins DROP CONSTRAINT places_id_fk
DROP TABLE places IF EXISTS
DROP TABLE checkins IF EXISTS
DISCONNECT
/*C40*/SET SCHEMA PUBLIC
CREATE TABLE users(id INTEGER GENERATED BY DEFAULT AS IDENTITY(START WITH 1) PRIMARY KEY,login VARCHAR(255),password VARCHAR(255),role VARCHAR(50))
CREATE TABLE places(id INTEGER GENERATED BY DEFAULT AS IDENTITY(START WITH 1) PRIMARY KEY,longitude DOUBLE,latitude DOUBLE,address VARCHAR(255))
CREATE TABLE checkins(id INTEGER GENERATED BY DEFAULT AS IDENTITY(START WITH 1) PRIMARY KEY,user_id INTEGER CONSTRAINT users_id_fk FOREIGN KEY REFERENCES users(id),place_id INTEGER CONSTRAINT places_id_fk FOREIGN KEY REFERENCES places(id),check_time TIMESTAMP DEFAULT CURRENT_TIMESTAMP,longitude DOUBLE,latitude DOUBLE,\u0009device VARCHAR(255))
DISCONNECT
/*C42*/SET SCHEMA PUBLIC
INSERT INTO PLACES VALUES(1,1.0E0,2.0E0,'address')
COMMIT
DISCONNECT
/*C44*/SET SCHEMA PUBLIC
ALTER TABLE checkins DROP CONSTRAINT users_id_fk
DROP TABLE users IF EXISTS
ALTER TABLE checkins DROP CONSTRAINT places_id_fk
DROP TABLE places IF EXISTS
DROP TABLE checkins IF EXISTS
DISCONNECT
/*C45*/SET SCHEMA PUBLIC
CREATE TABLE users(id INTEGER GENERATED BY DEFAULT AS IDENTITY(START WITH 1) PRIMARY KEY,login VARCHAR(255),password VARCHAR(255),role VARCHAR(50))
CREATE TABLE places(id INTEGER GENERATED BY DEFAULT AS IDENTITY(START WITH 1) PRIMARY KEY,longitude DOUBLE,latitude DOUBLE,address VARCHAR(255))
CREATE TABLE checkins(id INTEGER GENERATED BY DEFAULT AS IDENTITY(START WITH 1) PRIMARY KEY,user_id INTEGER CONSTRAINT users_id_fk FOREIGN KEY REFERENCES users(id),place_id INTEGER CONSTRAINT places_id_fk FOREIGN KEY REFERENCES places(id),check_time TIMESTAMP DEFAULT CURRENT_TIMESTAMP,longitude DOUBLE,latitude DOUBLE,\u0009device VARCHAR(255))
DISCONNECT
/*C47*/SET SCHEMA PUBLIC
INSERT INTO USERS VALUES(1,'login','password',NULL)
COMMIT
DISCONNECT
/*C49*/SET SCHEMA PUBLIC
DELETE FROM USERS WHERE ID=1
INSERT INTO USERS VALUES(1,'updatedLogin','updatedPassword',NULL)
COMMIT
DISCONNECT
/*C51*/SET SCHEMA PUBLIC
ALTER TABLE checkins DROP CONSTRAINT users_id_fk
DROP TABLE users IF EXISTS
ALTER TABLE checkins DROP CONSTRAINT places_id_fk
DROP TABLE places IF EXISTS
DROP TABLE checkins IF EXISTS
DISCONNECT
/*C52*/SET SCHEMA PUBLIC
CREATE TABLE users(id INTEGER GENERATED BY DEFAULT AS IDENTITY(START WITH 1) PRIMARY KEY,login VARCHAR(255),password VARCHAR(255),role VARCHAR(50))
CREATE TABLE places(id INTEGER GENERATED BY DEFAULT AS IDENTITY(START WITH 1) PRIMARY KEY,longitude DOUBLE,latitude DOUBLE,address VARCHAR(255))
CREATE TABLE checkins(id INTEGER GENERATED BY DEFAULT AS IDENTITY(START WITH 1) PRIMARY KEY,user_id INTEGER CONSTRAINT users_id_fk FOREIGN KEY REFERENCES users(id),place_id INTEGER CONSTRAINT places_id_fk FOREIGN KEY REFERENCES places(id),check_time TIMESTAMP DEFAULT CURRENT_TIMESTAMP,longitude DOUBLE,latitude DOUBLE,\u0009device VARCHAR(255))
DISCONNECT
/*C54*/SET SCHEMA PUBLIC
INSERT INTO USERS VALUES(1,'login','password',NULL)
COMMIT
DISCONNECT
/*C56*/SET SCHEMA PUBLIC
INSERT INTO PLACES VALUES(1,1.0E0,2.0E0,'address')
COMMIT
DISCONNECT
/*C58*/SET SCHEMA PUBLIC
INSERT INTO CHECKINS VALUES(1,1,1,'2013-01-30 03:31:54.422000',1.0E0,2.0E0,'Mobile')
COMMIT
DISCONNECT
/*C61*/SET SCHEMA PUBLIC
ALTER TABLE checkins DROP CONSTRAINT users_id_fk
DROP TABLE users IF EXISTS
ALTER TABLE checkins DROP CONSTRAINT places_id_fk
DROP TABLE places IF EXISTS
DROP TABLE checkins IF EXISTS
DISCONNECT
/*C62*/SET SCHEMA PUBLIC
CREATE TABLE users(id INTEGER GENERATED BY DEFAULT AS IDENTITY(START WITH 1) PRIMARY KEY,login VARCHAR(255),password VARCHAR(255),role VARCHAR(50))
CREATE TABLE places(id INTEGER GENERATED BY DEFAULT AS IDENTITY(START WITH 1) PRIMARY KEY,longitude DOUBLE,latitude DOUBLE,address VARCHAR(255))
CREATE TABLE checkins(id INTEGER GENERATED BY DEFAULT AS IDENTITY(START WITH 1) PRIMARY KEY,user_id INTEGER CONSTRAINT users_id_fk FOREIGN KEY REFERENCES users(id),place_id INTEGER CONSTRAINT places_id_fk FOREIGN KEY REFERENCES places(id),check_time TIMESTAMP DEFAULT CURRENT_TIMESTAMP,longitude DOUBLE,latitude DOUBLE,\u0009device VARCHAR(255))
DISCONNECT
/*C64*/SET SCHEMA PUBLIC
ALTER TABLE checkins DROP CONSTRAINT users_id_fk
DROP TABLE users IF EXISTS
ALTER TABLE checkins DROP CONSTRAINT places_id_fk
DROP TABLE places IF EXISTS
DROP TABLE checkins IF EXISTS
DISCONNECT
/*C65*/SET SCHEMA PUBLIC
CREATE TABLE users(id INTEGER GENERATED BY DEFAULT AS IDENTITY(START WITH 1) PRIMARY KEY,login VARCHAR(255),password VARCHAR(255),role VARCHAR(50))
CREATE TABLE places(id INTEGER GENERATED BY DEFAULT AS IDENTITY(START WITH 1) PRIMARY KEY,longitude DOUBLE,latitude DOUBLE,address VARCHAR(255))
CREATE TABLE checkins(id INTEGER GENERATED BY DEFAULT AS IDENTITY(START WITH 1) PRIMARY KEY,user_id INTEGER CONSTRAINT users_id_fk FOREIGN KEY REFERENCES users(id),place_id INTEGER CONSTRAINT places_id_fk FOREIGN KEY REFERENCES places(id),check_time TIMESTAMP DEFAULT CURRENT_TIMESTAMP,longitude DOUBLE,latitude DOUBLE,\u0009device VARCHAR(255))
DISCONNECT
/*C67*/SET SCHEMA PUBLIC
INSERT INTO PLACES VALUES(1,1.0E0,2.0E0,'address')
COMMIT
DISCONNECT
/*C70*/SET SCHEMA PUBLIC
ALTER TABLE checkins DROP CONSTRAINT users_id_fk
DROP TABLE users IF EXISTS
ALTER TABLE checkins DROP CONSTRAINT places_id_fk
DROP TABLE places IF EXISTS
DROP TABLE checkins IF EXISTS
DISCONNECT
/*C71*/SET SCHEMA PUBLIC
CREATE TABLE users(id INTEGER GENERATED BY DEFAULT AS IDENTITY(START WITH 1) PRIMARY KEY,login VARCHAR(255),password VARCHAR(255),role VARCHAR(50))
CREATE TABLE places(id INTEGER GENERATED BY DEFAULT AS IDENTITY(START WITH 1) PRIMARY KEY,longitude DOUBLE,latitude DOUBLE,address VARCHAR(255))
CREATE TABLE checkins(id INTEGER GENERATED BY DEFAULT AS IDENTITY(START WITH 1) PRIMARY KEY,user_id INTEGER CONSTRAINT users_id_fk FOREIGN KEY REFERENCES users(id),place_id INTEGER CONSTRAINT places_id_fk FOREIGN KEY REFERENCES places(id),check_time TIMESTAMP DEFAULT CURRENT_TIMESTAMP,longitude DOUBLE,latitude DOUBLE,\u0009device VARCHAR(255))
DISCONNECT
/*C74*/SET SCHEMA PUBLIC
ALTER TABLE checkins DROP CONSTRAINT users_id_fk
DROP TABLE users IF EXISTS
ALTER TABLE checkins DROP CONSTRAINT places_id_fk
DROP TABLE places IF EXISTS
DROP TABLE checkins IF EXISTS
DISCONNECT
/*C75*/SET SCHEMA PUBLIC
CREATE TABLE users(id INTEGER GENERATED BY DEFAULT AS IDENTITY(START WITH 1) PRIMARY KEY,login VARCHAR(255),password VARCHAR(255),role VARCHAR(50))
CREATE TABLE places(id INTEGER GENERATED BY DEFAULT AS IDENTITY(START WITH 1) PRIMARY KEY,longitude DOUBLE,latitude DOUBLE,address VARCHAR(255))
CREATE TABLE checkins(id INTEGER GENERATED BY DEFAULT AS IDENTITY(START WITH 1) PRIMARY KEY,user_id INTEGER CONSTRAINT users_id_fk FOREIGN KEY REFERENCES users(id),place_id INTEGER CONSTRAINT places_id_fk FOREIGN KEY REFERENCES places(id),check_time TIMESTAMP DEFAULT CURRENT_TIMESTAMP,longitude DOUBLE,latitude DOUBLE,\u0009device VARCHAR(255))
DISCONNECT
/*C77*/SET SCHEMA PUBLIC
INSERT INTO USERS VALUES(1,'login','password','User')
COMMIT
DISCONNECT
/*C80*/SET SCHEMA PUBLIC
ALTER TABLE checkins DROP CONSTRAINT users_id_fk
DROP TABLE users IF EXISTS
ALTER TABLE checkins DROP CONSTRAINT places_id_fk
DROP TABLE places IF EXISTS
DROP TABLE checkins IF EXISTS
DISCONNECT
/*C81*/SET SCHEMA PUBLIC
CREATE TABLE users(id INTEGER GENERATED BY DEFAULT AS IDENTITY(START WITH 1) PRIMARY KEY,login VARCHAR(255),password VARCHAR(255),role VARCHAR(50))
CREATE TABLE places(id INTEGER GENERATED BY DEFAULT AS IDENTITY(START WITH 1) PRIMARY KEY,longitude DOUBLE,latitude DOUBLE,address VARCHAR(255))
CREATE TABLE checkins(id INTEGER GENERATED BY DEFAULT AS IDENTITY(START WITH 1) PRIMARY KEY,user_id INTEGER CONSTRAINT users_id_fk FOREIGN KEY REFERENCES users(id),place_id INTEGER CONSTRAINT places_id_fk FOREIGN KEY REFERENCES places(id),check_time TIMESTAMP DEFAULT CURRENT_TIMESTAMP,longitude DOUBLE,latitude DOUBLE,\u0009device VARCHAR(255))
DISCONNECT
/*C83*/SET SCHEMA PUBLIC
INSERT INTO USERS VALUES(1,NULL,'password',NULL)
COMMIT
DISCONNECT
/*C85*/SET SCHEMA PUBLIC
INSERT INTO PLACES VALUES(1,1.0E0,2.0E0,'address')
COMMIT
DISCONNECT
/*C87*/SET SCHEMA PUBLIC
INSERT INTO CHECKINS VALUES(1,1,1,'2013-01-30 03:31:54.481000',1.0E0,2.0E0,'Mobile')
COMMIT
DISCONNECT
/*C89*/SET SCHEMA PUBLIC
ALTER TABLE checkins DROP CONSTRAINT users_id_fk
DROP TABLE users IF EXISTS
ALTER TABLE checkins DROP CONSTRAINT places_id_fk
DROP TABLE places IF EXISTS
DROP TABLE checkins IF EXISTS
DISCONNECT
/*C90*/SET SCHEMA PUBLIC
CREATE TABLE users(id INTEGER GENERATED BY DEFAULT AS IDENTITY(START WITH 1) PRIMARY KEY,login VARCHAR(255),password VARCHAR(255),role VARCHAR(50))
CREATE TABLE places(id INTEGER GENERATED BY DEFAULT AS IDENTITY(START WITH 1) PRIMARY KEY,longitude DOUBLE,latitude DOUBLE,address VARCHAR(255))
CREATE TABLE checkins(id INTEGER GENERATED BY DEFAULT AS IDENTITY(START WITH 1) PRIMARY KEY,user_id INTEGER CONSTRAINT users_id_fk FOREIGN KEY REFERENCES users(id),place_id INTEGER CONSTRAINT places_id_fk FOREIGN KEY REFERENCES places(id),check_time TIMESTAMP DEFAULT CURRENT_TIMESTAMP,longitude DOUBLE,latitude DOUBLE,\u0009device VARCHAR(255))
DISCONNECT
/*C92*/SET SCHEMA PUBLIC
INSERT INTO USERS VALUES(1,'login',NULL,'Administrator')
COMMIT
DISCONNECT
/*C94*/SET SCHEMA PUBLIC
ALTER TABLE checkins DROP CONSTRAINT users_id_fk
DROP TABLE users IF EXISTS
ALTER TABLE checkins DROP CONSTRAINT places_id_fk
DROP TABLE places IF EXISTS
DROP TABLE checkins IF EXISTS
DISCONNECT
/*C95*/SET SCHEMA PUBLIC
CREATE TABLE users(id INTEGER GENERATED BY DEFAULT AS IDENTITY(START WITH 1) PRIMARY KEY,login VARCHAR(255),password VARCHAR(255),role VARCHAR(50))
CREATE TABLE places(id INTEGER GENERATED BY DEFAULT AS IDENTITY(START WITH 1) PRIMARY KEY,longitude DOUBLE,latitude DOUBLE,address VARCHAR(255))
CREATE TABLE checkins(id INTEGER GENERATED BY DEFAULT AS IDENTITY(START WITH 1) PRIMARY KEY,user_id INTEGER CONSTRAINT users_id_fk FOREIGN KEY REFERENCES users(id),place_id INTEGER CONSTRAINT places_id_fk FOREIGN KEY REFERENCES places(id),check_time TIMESTAMP DEFAULT CURRENT_TIMESTAMP,longitude DOUBLE,latitude DOUBLE,\u0009device VARCHAR(255))
DISCONNECT
/*C97*/SET SCHEMA PUBLIC
INSERT INTO USERS VALUES(1,'login','password',NULL)
COMMIT
DISCONNECT
/*C100*/SET SCHEMA PUBLIC
DELETE FROM USERS WHERE ID=1
COMMIT
/*C102*/SET SCHEMA PUBLIC
ALTER TABLE checkins DROP CONSTRAINT users_id_fk
DROP TABLE users IF EXISTS
ALTER TABLE checkins DROP CONSTRAINT places_id_fk
DROP TABLE places IF EXISTS
DROP TABLE checkins IF EXISTS
DISCONNECT
/*C103*/SET SCHEMA PUBLIC
CREATE TABLE users(id INTEGER GENERATED BY DEFAULT AS IDENTITY(START WITH 1) PRIMARY KEY,login VARCHAR(255),password VARCHAR(255),role VARCHAR(50))
CREATE TABLE places(id INTEGER GENERATED BY DEFAULT AS IDENTITY(START WITH 1) PRIMARY KEY,longitude DOUBLE,latitude DOUBLE,address VARCHAR(255))
CREATE TABLE checkins(id INTEGER GENERATED BY DEFAULT AS IDENTITY(START WITH 1) PRIMARY KEY,user_id INTEGER CONSTRAINT users_id_fk FOREIGN KEY REFERENCES users(id),place_id INTEGER CONSTRAINT places_id_fk FOREIGN KEY REFERENCES places(id),check_time TIMESTAMP DEFAULT CURRENT_TIMESTAMP,longitude DOUBLE,latitude DOUBLE,\u0009device VARCHAR(255))
DISCONNECT
/*C105*/